<?xml version="1.0" encoding="UTF-8"?>
<testsuite xmlns:xsi="http://www.w3.org/2001/XMLSchema-instance" xsi:noNamespaceSchemaLocation="https://maven.apache.org/surefire/maven-surefire-plugin/xsd/surefire-test-report.xsd" name="com.aashish22bansal.developer.learning.springboot.SpringBootRestcrudapiApplicationTests" time="6.844" tests="1" errors="0" skipped="0" failures="0">
  <properties>
    <property name="java.specification.version" value="17"/>
    <property name="sun.cpu.isalist" value="amd64"/>
    <property name="sun.jnu.encoding" value="Cp1252"/>
    <property name="java.class.path" value="C:\Users\aashi\GitHub\My Repositories\Learn-Spring-Boot\Section 6 - Create REST CRUD API\SpringBootRESTCRUDAPI\target\test-classes;C:\Users\aashi\GitHub\My Repositories\Learn-Spring-Boot\Section 6 - Create REST CRUD API\SpringBootRESTCRUDAPI\target\classes;C:\Users\aashi\.m2\repository\org\springframework\boot\spring-boot-starter-data-jpa\3.1.0-SNAPSHOT\spring-boot-starter-data-jpa-3.1.0-SNAPSHOT.jar;C:\Users\aashi\.m2\repository\org\springframework\boot\spring-boot-starter-aop\3.1.0-SNAPSHOT\spring-boot-starter-aop-3.1.0-SNAPSHOT.jar;C:\Users\aashi\.m2\repository\org\springframework\spring-aop\6.0.8-SNAPSHOT\spring-aop-6.0.8-SNAPSHOT.jar;C:\Users\aashi\.m2\repository\org\aspectj\aspectjweaver\1.9.19\aspectjweaver-1.9.19.jar;C:\Users\aashi\.m2\repository\org\springframework\boot\spring-boot-starter-jdbc\3.1.0-SNAPSHOT\spring-boot-starter-jdbc-3.1.0-SNAPSHOT.jar;C:\Users\aashi\.m2\repository\com\zaxxer\HikariCP\5.0.1\HikariCP-5.0.1.jar;C:\Users\aashi\.m2\repository\org\springframework\spring-jdbc\6.0.8-SNAPSHOT\spring-jdbc-6.0.8-SNAPSHOT.jar;C:\Users\aashi\.m2\repository\org\hibernate\orm\hibernate-core\6.2.0.Final\hibernate-core-6.2.0.Final.jar;C:\Users\aashi\.m2\repository\jakarta\persistence\jakarta.persistence-api\3.1.0\jakarta.persistence-api-3.1.0.jar;C:\Users\aashi\.m2\repository\jakarta\transaction\jakarta.transaction-api\2.0.1\jakarta.transaction-api-2.0.1.jar;C:\Users\aashi\.m2\repository\org\jboss\logging\jboss-logging\3.5.0.Final\jboss-logging-3.5.0.Final.jar;C:\Users\aashi\.m2\repository\org\hibernate\common\hibernate-commons-annotations\6.0.6.Final\hibernate-commons-annotations-6.0.6.Final.jar;C:\Users\aashi\.m2\repository\io\smallrye\jandex\3.0.5\jandex-3.0.5.jar;C:\Users\aashi\.m2\repository\com\fasterxml\classmate\1.5.1\classmate-1.5.1.jar;C:\Users\aashi\.m2\repository\net\bytebuddy\byte-buddy\1.14.4\byte-buddy-1.14.4.jar;C:\Users\aashi\.m2\repository\org\glassfish\jaxb\jaxb-runtime\4.0.2\jaxb-runtime-4.0.2.jar;C:\Users\aashi\.m2\repository\org\glassfish\jaxb\jaxb-core\4.0.2\jaxb-core-4.0.2.jar;C:\Users\aashi\.m2\repository\org\glassfish\jaxb\txw2\4.0.2\txw2-4.0.2.jar;C:\Users\aashi\.m2\repository\com\sun\istack\istack-commons-runtime\4.1.1\istack-commons-runtime-4.1.1.jar;C:\Users\aashi\.m2\repository\jakarta\inject\jakarta.inject-api\2.0.1\jakarta.inject-api-2.0.1.jar;C:\Users\aashi\.m2\repository\org\antlr\antlr4-runtime\4.10.1\antlr4-runtime-4.10.1.jar;C:\Users\aashi\.m2\repository\org\springframework\data\spring-data-jpa\3.1.0-M3\spring-data-jpa-3.1.0-M3.jar;C:\Users\aashi\.m2\repository\org\springframework\data\spring-data-commons\3.1.0-M3\spring-data-commons-3.1.0-M3.jar;C:\Users\aashi\.m2\repository\org\springframework\spring-orm\6.0.8-SNAPSHOT\spring-orm-6.0.8-SNAPSHOT.jar;C:\Users\aashi\.m2\repository\org\springframework\spring-context\6.0.8-SNAPSHOT\spring-context-6.0.8-SNAPSHOT.jar;C:\Users\aashi\.m2\repository\org\springframework\spring-tx\6.0.8-SNAPSHOT\spring-tx-6.0.8-SNAPSHOT.jar;C:\Users\aashi\.m2\repository\org\springframework\spring-beans\6.0.8-SNAPSHOT\spring-beans-6.0.8-SNAPSHOT.jar;C:\Users\aashi\.m2\repository\jakarta\annotation\jakarta.annotation-api\2.1.1\jakarta.annotation-api-2.1.1.jar;C:\Users\aashi\.m2\repository\org\slf4j\slf4j-api\2.0.7\slf4j-api-2.0.7.jar;C:\Users\aashi\.m2\repository\org\springframework\spring-aspects\6.0.8-SNAPSHOT\spring-aspects-6.0.8-SNAPSHOT.jar;C:\Users\aashi\.m2\repository\org\springframework\boot\spring-boot-starter-web\3.1.0-SNAPSHOT\spring-boot-starter-web-3.1.0-SNAPSHOT.jar;C:\Users\aashi\.m2\repository\org\springframework\boot\spring-boot-starter\3.1.0-SNAPSHOT\spring-boot-starter-3.1.0-SNAPSHOT.jar;C:\Users\aashi\.m2\repository\org\springframework\boot\spring-boot\3.1.0-SNAPSHOT\spring-boot-3.1.0-SNAPSHOT.jar;C:\Users\aashi\.m2\repository\org\springframework\boot\spring-boot-autoconfigure\3.1.0-SNAPSHOT\spring-boot-autoconfigure-3.1.0-SNAPSHOT.jar;C:\Users\aashi\.m2\repository\org\springframework\boot\spring-boot-starter-logging\3.1.0-SNAPSHOT\spring-boot-starter-logging-3.1.0-SNAPSHOT.jar;C:\Users\aashi\.m2\repository\ch\qos\logback\logback-classic\1.4.6\logback-classic-1.4.6.jar;C:\Users\aashi\.m2\repository\ch\qos\logback\logback-core\1.4.6\logback-core-1.4.6.jar;C:\Users\aashi\.m2\repository\org\apache\logging\log4j\log4j-to-slf4j\2.20.0\log4j-to-slf4j-2.20.0.jar;C:\Users\aashi\.m2\repository\org\apache\logging\log4j\log4j-api\2.20.0\log4j-api-2.20.0.jar;C:\Users\aashi\.m2\repository\org\slf4j\jul-to-slf4j\2.0.7\jul-to-slf4j-2.0.7.jar;C:\Users\aashi\.m2\repository\org\yaml\snakeyaml\1.33\snakeyaml-1.33.jar;C:\Users\aashi\.m2\repository\org\springframework\boot\spring-boot-starter-json\3.1.0-SNAPSHOT\spring-boot-starter-json-3.1.0-SNAPSHOT.jar;C:\Users\aashi\.m2\repository\com\fasterxml\jackson\core\jackson-databind\2.14.2\jackson-databind-2.14.2.jar;C:\Users\aashi\.m2\repository\com\fasterxml\jackson\core\jackson-annotations\2.14.2\jackson-annotations-2.14.2.jar;C:\Users\aashi\.m2\repository\com\fasterxml\jackson\core\jackson-core\2.14.2\jackson-core-2.14.2.jar;C:\Users\aashi\.m2\repository\com\fasterxml\jackson\datatype\jackson-datatype-jdk8\2.14.2\jackson-datatype-jdk8-2.14.2.jar;C:\Users\aashi\.m2\repository\com\fasterxml\jackson\datatype\jackson-datatype-jsr310\2.14.2\jackson-datatype-jsr310-2.14.2.jar;C:\Users\aashi\.m2\repository\com\fasterxml\jackson\module\jackson-module-parameter-names\2.14.2\jackson-module-parameter-names-2.14.2.jar;C:\Users\aashi\.m2\repository\org\springframework\boot\spring-boot-starter-tomcat\3.1.0-SNAPSHOT\spring-boot-starter-tomcat-3.1.0-SNAPSHOT.jar;C:\Users\aashi\.m2\repository\org\apache\tomcat\embed\tomcat-embed-core\10.1.7\tomcat-embed-core-10.1.7.jar;C:\Users\aashi\.m2\repository\org\apache\tomcat\embed\tomcat-embed-el\10.1.7\tomcat-embed-el-10.1.7.jar;C:\Users\aashi\.m2\repository\org\apache\tomcat\embed\tomcat-embed-websocket\10.1.7\tomcat-embed-websocket-10.1.7.jar;C:\Users\aashi\.m2\repository\org\springframework\spring-web\6.0.8-SNAPSHOT\spring-web-6.0.8-SNAPSHOT.jar;C:\Users\aashi\.m2\repository\io\micrometer\micrometer-observation\1.11.0-SNAPSHOT\micrometer-observation-1.11.0-SNAPSHOT.jar;C:\Users\aashi\.m2\repository\io\micrometer\micrometer-commons\1.11.0-SNAPSHOT\micrometer-commons-1.11.0-SNAPSHOT.jar;C:\Users\aashi\.m2\repository\org\springframework\spring-webmvc\6.0.8-SNAPSHOT\spring-webmvc-6.0.8-SNAPSHOT.jar;C:\Users\aashi\.m2\repository\org\springframework\spring-expression\6.0.8-SNAPSHOT\spring-expression-6.0.8-SNAPSHOT.jar;C:\Users\aashi\.m2\repository\org\springframework\boot\spring-boot-starter-web-services\3.1.0-SNAPSHOT\spring-boot-starter-web-services-3.1.0-SNAPSHOT.jar;C:\Users\aashi\.m2\repository\com\sun\xml\messaging\saaj\saaj-impl\3.0.0\saaj-impl-3.0.0.jar;C:\Users\aashi\.m2\repository\jakarta\xml\soap\jakarta.xml.soap-api\3.0.0\jakarta.xml.soap-api-3.0.0.jar;C:\Users\aashi\.m2\repository\org\jvnet\staxex\stax-ex\2.1.0\stax-ex-2.1.0.jar;C:\Users\aashi\.m2\repository\jakarta\activation\jakarta.activation-api\2.1.1\jakarta.activation-api-2.1.1.jar;C:\Users\aashi\.m2\repository\org\eclipse\angus\angus-activation\2.0.0\angus-activation-2.0.0.jar;C:\Users\aashi\.m2\repository\jakarta\xml\ws\jakarta.xml.ws-api\4.0.0\jakarta.xml.ws-api-4.0.0.jar;C:\Users\aashi\.m2\repository\org\springframework\spring-oxm\6.0.8-SNAPSHOT\spring-oxm-6.0.8-SNAPSHOT.jar;C:\Users\aashi\.m2\repository\org\springframework\ws\spring-ws-core\4.0.2\spring-ws-core-4.0.2.jar;C:\Users\aashi\.m2\repository\org\springframework\ws\spring-xml\4.0.2\spring-xml-4.0.2.jar;C:\Users\aashi\.m2\repository\org\springframework\boot\spring-boot-starter-webflux\3.1.0-SNAPSHOT\spring-boot-starter-webflux-3.1.0-SNAPSHOT.jar;C:\Users\aashi\.m2\repository\org\springframework\boot\spring-boot-starter-reactor-netty\3.1.0-SNAPSHOT\spring-boot-starter-reactor-netty-3.1.0-SNAPSHOT.jar;C:\Users\aashi\.m2\repository\io\projectreactor\netty\reactor-netty-http\1.1.6-SNAPSHOT\reactor-netty-http-1.1.6-SNAPSHOT.jar;C:\Users\aashi\.m2\repository\io\netty\netty-codec-http\4.1.91.Final\netty-codec-http-4.1.91.Final.jar;C:\Users\aashi\.m2\repository\io\netty\netty-common\4.1.91.Final\netty-common-4.1.91.Final.jar;C:\Users\aashi\.m2\repository\io\netty\netty-buffer\4.1.91.Final\netty-buffer-4.1.91.Final.jar;C:\Users\aashi\.m2\repository\io\netty\netty-transport\4.1.91.Final\netty-transport-4.1.91.Final.jar;C:\Users\aashi\.m2\repository\io\netty\netty-codec\4.1.91.Final\netty-codec-4.1.91.Final.jar;C:\Users\aashi\.m2\repository\io\netty\netty-handler\4.1.91.Final\netty-handler-4.1.91.Final.jar;C:\Users\aashi\.m2\repository\io\netty\netty-codec-http2\4.1.91.Final\netty-codec-http2-4.1.91.Final.jar;C:\Users\aashi\.m2\repository\io\netty\netty-resolver-dns\4.1.91.Final\netty-resolver-dns-4.1.91.Final.jar;C:\Users\aashi\.m2\repository\io\netty\netty-resolver\4.1.91.Final\netty-resolver-4.1.91.Final.jar;C:\Users\aashi\.m2\repository\io\netty\netty-codec-dns\4.1.91.Final\netty-codec-dns-4.1.91.Final.jar;C:\Users\aashi\.m2\repository\io\netty\netty-resolver-dns-native-macos\4.1.91.Final\netty-resolver-dns-native-macos-4.1.91.Final-osx-x86_64.jar;C:\Users\aashi\.m2\repository\io\netty\netty-resolver-dns-classes-macos\4.1.91.Final\netty-resolver-dns-classes-macos-4.1.91.Final.jar;C:\Users\aashi\.m2\repository\io\netty\netty-transport-native-epoll\4.1.91.Final\netty-transport-native-epoll-4.1.91.Final-linux-x86_64.jar;C:\Users\aashi\.m2\repository\io\netty\netty-transport-native-unix-common\4.1.91.Final\netty-transport-native-unix-common-4.1.91.Final.jar;C:\Users\aashi\.m2\repository\io\netty\netty-transport-classes-epoll\4.1.91.Final\netty-transport-classes-epoll-4.1.91.Final.jar;C:\Users\aashi\.m2\repository\io\projectreactor\netty\reactor-netty-core\1.1.6-SNAPSHOT\reactor-netty-core-1.1.6-SNAPSHOT.jar;C:\Users\aashi\.m2\repository\io\netty\netty-handler-proxy\4.1.91.Final\netty-handler-proxy-4.1.91.Final.jar;C:\Users\aashi\.m2\repository\io\netty\netty-codec-socks\4.1.91.Final\netty-codec-socks-4.1.91.Final.jar;C:\Users\aashi\.m2\repository\org\springframework\spring-webflux\6.0.8-SNAPSHOT\spring-webflux-6.0.8-SNAPSHOT.jar;C:\Users\aashi\.m2\repository\org\springframework\boot\spring-boot-starter-websocket\3.1.0-SNAPSHOT\spring-boot-starter-websocket-3.1.0-SNAPSHOT.jar;C:\Users\aashi\.m2\repository\org\springframework\spring-messaging\6.0.8-SNAPSHOT\spring-messaging-6.0.8-SNAPSHOT.jar;C:\Users\aashi\.m2\repository\org\springframework\spring-websocket\6.0.8-SNAPSHOT\spring-websocket-6.0.8-SNAPSHOT.jar;C:\Users\aashi\.m2\repository\com\mysql\mysql-connector-j\8.0.32\mysql-connector-j-8.0.32.jar;C:\Users\aashi\.m2\repository\org\springframework\boot\spring-boot-starter-test\3.1.0-SNAPSHOT\spring-boot-starter-test-3.1.0-SNAPSHOT.jar;C:\Users\aashi\.m2\repository\org\springframework\boot\spring-boot-test\3.1.0-SNAPSHOT\spring-boot-test-3.1.0-SNAPSHOT.jar;C:\Users\aashi\.m2\repository\org\springframework\boot\spring-boot-test-autoconfigure\3.1.0-SNAPSHOT\spring-boot-test-autoconfigure-3.1.0-SNAPSHOT.jar;C:\Users\aashi\.m2\repository\com\jayway\jsonpath\json-path\2.8.0\json-path-2.8.0.jar;C:\Users\aashi\.m2\repository\jakarta\xml\bind\jakarta.xml.bind-api\4.0.0\jakarta.xml.bind-api-4.0.0.jar;C:\Users\aashi\.m2\repository\net\minidev\json-smart\2.4.10\json-smart-2.4.10.jar;C:\Users\aashi\.m2\repository\net\minidev\accessors-smart\2.4.9\accessors-smart-2.4.9.jar;C:\Users\aashi\.m2\repository\org\ow2\asm\asm\9.3\asm-9.3.jar;C:\Users\aashi\.m2\repository\org\assertj\assertj-core\3.24.2\assertj-core-3.24.2.jar;C:\Users\aashi\.m2\repository\org\hamcrest\hamcrest\2.2\hamcrest-2.2.jar;C:\Users\aashi\.m2\repository\org\junit\jupiter\junit-jupiter\5.9.2\junit-jupiter-5.9.2.jar;C:\Users\aashi\.m2\repository\org\junit\jupiter\junit-jupiter-api\5.9.2\junit-jupiter-api-5.9.2.jar;C:\Users\aashi\.m2\repository\org\opentest4j\opentest4j\1.2.0\opentest4j-1.2.0.jar;C:\Users\aashi\.m2\repository\org\junit\platform\junit-platform-commons\1.9.2\junit-platform-commons-1.9.2.jar;C:\Users\aashi\.m2\repository\org\apiguardian\apiguardian-api\1.1.2\apiguardian-api-1.1.2.jar;C:\Users\aashi\.m2\repository\org\junit\jupiter\junit-jupiter-params\5.9.2\junit-jupiter-params-5.9.2.jar;C:\Users\aashi\.m2\repository\org\junit\jupiter\junit-jupiter-engine\5.9.2\junit-jupiter-engine-5.9.2.jar;C:\Users\aashi\.m2\repository\org\junit\platform\junit-platform-engine\1.9.2\junit-platform-engine-1.9.2.jar;C:\Users\aashi\.m2\repository\org\mockito\mockito-core\4.11.0\mockito-core-4.11.0.jar;C:\Users\aashi\.m2\repository\net\bytebuddy\byte-buddy-agent\1.14.4\byte-buddy-agent-1.14.4.jar;C:\Users\aashi\.m2\repository\org\objenesis\objenesis\3.3\objenesis-3.3.jar;C:\Users\aashi\.m2\repository\org\mockito\mockito-junit-jupiter\4.11.0\mockito-junit-jupiter-4.11.0.jar;C:\Users\aashi\.m2\repository\org\skyscreamer\jsonassert\1.5.1\jsonassert-1.5.1.jar;C:\Users\aashi\.m2\repository\com\vaadin\external\google\android-json\0.0.20131108.vaadin1\android-json-0.0.20131108.vaadin1.jar;C:\Users\aashi\.m2\repository\org\springframework\spring-core\6.0.8-SNAPSHOT\spring-core-6.0.8-SNAPSHOT.jar;C:\Users\aashi\.m2\repository\org\springframework\spring-jcl\6.0.8-SNAPSHOT\spring-jcl-6.0.8-SNAPSHOT.jar;C:\Users\aashi\.m2\repository\org\springframework\spring-test\6.0.8-SNAPSHOT\spring-test-6.0.8-SNAPSHOT.jar;C:\Users\aashi\.m2\repository\org\xmlunit\xmlunit-core\2.9.1\xmlunit-core-2.9.1.jar;C:\Users\aashi\.m2\repository\io\projectreactor\reactor-test\3.5.5-SNAPSHOT\reactor-test-3.5.5-SNAPSHOT.jar;C:\Users\aashi\.m2\repository\io\projectreactor\reactor-core\3.5.5-SNAPSHOT\reactor-core-3.5.5-SNAPSHOT.jar;C:\Users\aashi\.m2\repository\org\reactivestreams\reactive-streams\1.0.4\reactive-streams-1.0.4.jar;C:\Users\aashi\.m2\repository\com\h2database\h2\2.1.214\h2-2.1.214.jar;"/>
    <property name="java.vm.vendor" value="Eclipse Adoptium"/>
    <property name="sun.arch.data.model" value="64"/>
    <property name="user.variant" value=""/>
    <property name="java.vendor.url" value="https://adoptium.net/"/>
    <property name="user.timezone" value="Asia/Calcutta"/>
    <property name="os.name" value="Windows 11"/>
    <property name="java.vm.specification.version" value="17"/>
    <property name="sun.java.launcher" value="SUN_STANDARD"/>
    <property name="user.country" value="IN"/>
    <property name="sun.boot.library.path" value="C:\Program Files\Spring Tool Suite\plugins\org.eclipse.justj.openjdk.hotspot.jre.full.win32.x86_64_17.0.6.v20230204-1729\jre\bin"/>
    <property name="sun.java.command" value="C:\Users\aashi\AppData\Local\Temp\surefire4198085083879521314\surefirebooter9378583877081322222.jar C:\Users\aashi\AppData\Local\Temp\surefire4198085083879521314 2023-04-09T04-22-57_949-jvmRun1 surefire8520008680232486716tmp surefire_09224474340475958947tmp"/>
    <property name="jdk.debug" value="release"/>
    <property name="surefire.test.class.path" value="C:\Users\aashi\GitHub\My Repositories\Learn-Spring-Boot\Section 6 - Create REST CRUD API\SpringBootRESTCRUDAPI\target\test-classes;C:\Users\aashi\GitHub\My Repositories\Learn-Spring-Boot\Section 6 - Create REST CRUD API\SpringBootRESTCRUDAPI\target\classes;C:\Users\aashi\.m2\repository\org\springframework\boot\spring-boot-starter-data-jpa\3.1.0-SNAPSHOT\spring-boot-starter-data-jpa-3.1.0-SNAPSHOT.jar;C:\Users\aashi\.m2\repository\org\springframework\boot\spring-boot-starter-aop\3.1.0-SNAPSHOT\spring-boot-starter-aop-3.1.0-SNAPSHOT.jar;C:\Users\aashi\.m2\repository\org\springframework\spring-aop\6.0.8-SNAPSHOT\spring-aop-6.0.8-SNAPSHOT.jar;C:\Users\aashi\.m2\repository\org\aspectj\aspectjweaver\1.9.19\aspectjweaver-1.9.19.jar;C:\Users\aashi\.m2\repository\org\springframework\boot\spring-boot-starter-jdbc\3.1.0-SNAPSHOT\spring-boot-starter-jdbc-3.1.0-SNAPSHOT.jar;C:\Users\aashi\.m2\repository\com\zaxxer\HikariCP\5.0.1\HikariCP-5.0.1.jar;C:\Users\aashi\.m2\repository\org\springframework\spring-jdbc\6.0.8-SNAPSHOT\spring-jdbc-6.0.8-SNAPSHOT.jar;C:\Users\aashi\.m2\repository\org\hibernate\orm\hibernate-core\6.2.0.Final\hibernate-core-6.2.0.Final.jar;C:\Users\aashi\.m2\repository\jakarta\persistence\jakarta.persistence-api\3.1.0\jakarta.persistence-api-3.1.0.jar;C:\Users\aashi\.m2\repository\jakarta\transaction\jakarta.transaction-api\2.0.1\jakarta.transaction-api-2.0.1.jar;C:\Users\aashi\.m2\repository\org\jboss\logging\jboss-logging\3.5.0.Final\jboss-logging-3.5.0.Final.jar;C:\Users\aashi\.m2\repository\org\hibernate\common\hibernate-commons-annotations\6.0.6.Final\hibernate-commons-annotations-6.0.6.Final.jar;C:\Users\aashi\.m2\repository\io\smallrye\jandex\3.0.5\jandex-3.0.5.jar;C:\Users\aashi\.m2\repository\com\fasterxml\classmate\1.5.1\classmate-1.5.1.jar;C:\Users\aashi\.m2\repository\net\bytebuddy\byte-buddy\1.14.4\byte-buddy-1.14.4.jar;C:\Users\aashi\.m2\repository\org\glassfish\jaxb\jaxb-runtime\4.0.2\jaxb-runtime-4.0.2.jar;C:\Users\aashi\.m2\repository\org\glassfish\jaxb\jaxb-core\4.0.2\jaxb-core-4.0.2.jar;C:\Users\aashi\.m2\repository\org\glassfish\jaxb\txw2\4.0.2\txw2-4.0.2.jar;C:\Users\aashi\.m2\repository\com\sun\istack\istack-commons-runtime\4.1.1\istack-commons-runtime-4.1.1.jar;C:\Users\aashi\.m2\repository\jakarta\inject\jakarta.inject-api\2.0.1\jakarta.inject-api-2.0.1.jar;C:\Users\aashi\.m2\repository\org\antlr\antlr4-runtime\4.10.1\antlr4-runtime-4.10.1.jar;C:\Users\aashi\.m2\repository\org\springframework\data\spring-data-jpa\3.1.0-M3\spring-data-jpa-3.1.0-M3.jar;C:\Users\aashi\.m2\repository\org\springframework\data\spring-data-commons\3.1.0-M3\spring-data-commons-3.1.0-M3.jar;C:\Users\aashi\.m2\repository\org\springframework\spring-orm\6.0.8-SNAPSHOT\spring-orm-6.0.8-SNAPSHOT.jar;C:\Users\aashi\.m2\repository\org\springframework\spring-context\6.0.8-SNAPSHOT\spring-context-6.0.8-SNAPSHOT.jar;C:\Users\aashi\.m2\repository\org\springframework\spring-tx\6.0.8-SNAPSHOT\spring-tx-6.0.8-SNAPSHOT.jar;C:\Users\aashi\.m2\repository\org\springframework\spring-beans\6.0.8-SNAPSHOT\spring-beans-6.0.8-SNAPSHOT.jar;C:\Users\aashi\.m2\repository\jakarta\annotation\jakarta.annotation-api\2.1.1\jakarta.annotation-api-2.1.1.jar;C:\Users\aashi\.m2\repository\org\slf4j\slf4j-api\2.0.7\slf4j-api-2.0.7.jar;C:\Users\aashi\.m2\repository\org\springframework\spring-aspects\6.0.8-SNAPSHOT\spring-aspects-6.0.8-SNAPSHOT.jar;C:\Users\aashi\.m2\repository\org\springframework\boot\spring-boot-starter-web\3.1.0-SNAPSHOT\spring-boot-starter-web-3.1.0-SNAPSHOT.jar;C:\Users\aashi\.m2\repository\org\springframework\boot\spring-boot-starter\3.1.0-SNAPSHOT\spring-boot-starter-3.1.0-SNAPSHOT.jar;C:\Users\aashi\.m2\repository\org\springframework\boot\spring-boot\3.1.0-SNAPSHOT\spring-boot-3.1.0-SNAPSHOT.jar;C:\Users\aashi\.m2\repository\org\springframework\boot\spring-boot-autoconfigure\3.1.0-SNAPSHOT\spring-boot-autoconfigure-3.1.0-SNAPSHOT.jar;C:\Users\aashi\.m2\repository\org\springframework\boot\spring-boot-starter-logging\3.1.0-SNAPSHOT\spring-boot-starter-logging-3.1.0-SNAPSHOT.jar;C:\Users\aashi\.m2\repository\ch\qos\logback\logback-classic\1.4.6\logback-classic-1.4.6.jar;C:\Users\aashi\.m2\repository\ch\qos\logback\logback-core\1.4.6\logback-core-1.4.6.jar;C:\Users\aashi\.m2\repository\org\apache\logging\log4j\log4j-to-slf4j\2.20.0\log4j-to-slf4j-2.20.0.jar;C:\Users\aashi\.m2\repository\org\apache\logging\log4j\log4j-api\2.20.0\log4j-api-2.20.0.jar;C:\Users\aashi\.m2\repository\org\slf4j\jul-to-slf4j\2.0.7\jul-to-slf4j-2.0.7.jar;C:\Users\aashi\.m2\repository\org\yaml\snakeyaml\1.33\snakeyaml-1.33.jar;C:\Users\aashi\.m2\repository\org\springframework\boot\spring-boot-starter-json\3.1.0-SNAPSHOT\spring-boot-starter-json-3.1.0-SNAPSHOT.jar;C:\Users\aashi\.m2\repository\com\fasterxml\jackson\core\jackson-databind\2.14.2\jackson-databind-2.14.2.jar;C:\Users\aashi\.m2\repository\com\fasterxml\jackson\core\jackson-annotations\2.14.2\jackson-annotations-2.14.2.jar;C:\Users\aashi\.m2\repository\com\fasterxml\jackson\core\jackson-core\2.14.2\jackson-core-2.14.2.jar;C:\Users\aashi\.m2\repository\com\fasterxml\jackson\datatype\jackson-datatype-jdk8\2.14.2\jackson-datatype-jdk8-2.14.2.jar;C:\Users\aashi\.m2\repository\com\fasterxml\jackson\datatype\jackson-datatype-jsr310\2.14.2\jackson-datatype-jsr310-2.14.2.jar;C:\Users\aashi\.m2\repository\com\fasterxml\jackson\module\jackson-module-parameter-names\2.14.2\jackson-module-parameter-names-2.14.2.jar;C:\Users\aashi\.m2\repository\org\springframework\boot\spring-boot-starter-tomcat\3.1.0-SNAPSHOT\spring-boot-starter-tomcat-3.1.0-SNAPSHOT.jar;C:\Users\aashi\.m2\repository\org\apache\tomcat\embed\tomcat-embed-core\10.1.7\tomcat-embed-core-10.1.7.jar;C:\Users\aashi\.m2\repository\org\apache\tomcat\embed\tomcat-embed-el\10.1.7\tomcat-embed-el-10.1.7.jar;C:\Users\aashi\.m2\repository\org\apache\tomcat\embed\tomcat-embed-websocket\10.1.7\tomcat-embed-websocket-10.1.7.jar;C:\Users\aashi\.m2\repository\org\springframework\spring-web\6.0.8-SNAPSHOT\spring-web-6.0.8-SNAPSHOT.jar;C:\Users\aashi\.m2\repository\io\micrometer\micrometer-observation\1.11.0-SNAPSHOT\micrometer-observation-1.11.0-SNAPSHOT.jar;C:\Users\aashi\.m2\repository\io\micrometer\micrometer-commons\1.11.0-SNAPSHOT\micrometer-commons-1.11.0-SNAPSHOT.jar;C:\Users\aashi\.m2\repository\org\springframework\spring-webmvc\6.0.8-SNAPSHOT\spring-webmvc-6.0.8-SNAPSHOT.jar;C:\Users\aashi\.m2\repository\org\springframework\spring-expression\6.0.8-SNAPSHOT\spring-expression-6.0.8-SNAPSHOT.jar;C:\Users\aashi\.m2\repository\org\springframework\boot\spring-boot-starter-web-services\3.1.0-SNAPSHOT\spring-boot-starter-web-services-3.1.0-SNAPSHOT.jar;C:\Users\aashi\.m2\repository\com\sun\xml\messaging\saaj\saaj-impl\3.0.0\saaj-impl-3.0.0.jar;C:\Users\aashi\.m2\repository\jakarta\xml\soap\jakarta.xml.soap-api\3.0.0\jakarta.xml.soap-api-3.0.0.jar;C:\Users\aashi\.m2\repository\org\jvnet\staxex\stax-ex\2.1.0\stax-ex-2.1.0.jar;C:\Users\aashi\.m2\repository\jakarta\activation\jakarta.activation-api\2.1.1\jakarta.activation-api-2.1.1.jar;C:\Users\aashi\.m2\repository\org\eclipse\angus\angus-activation\2.0.0\angus-activation-2.0.0.jar;C:\Users\aashi\.m2\repository\jakarta\xml\ws\jakarta.xml.ws-api\4.0.0\jakarta.xml.ws-api-4.0.0.jar;C:\Users\aashi\.m2\repository\org\springframework\spring-oxm\6.0.8-SNAPSHOT\spring-oxm-6.0.8-SNAPSHOT.jar;C:\Users\aashi\.m2\repository\org\springframework\ws\spring-ws-core\4.0.2\spring-ws-core-4.0.2.jar;C:\Users\aashi\.m2\repository\org\springframework\ws\spring-xml\4.0.2\spring-xml-4.0.2.jar;C:\Users\aashi\.m2\repository\org\springframework\boot\spring-boot-starter-webflux\3.1.0-SNAPSHOT\spring-boot-starter-webflux-3.1.0-SNAPSHOT.jar;C:\Users\aashi\.m2\repository\org\springframework\boot\spring-boot-starter-reactor-netty\3.1.0-SNAPSHOT\spring-boot-starter-reactor-netty-3.1.0-SNAPSHOT.jar;C:\Users\aashi\.m2\repository\io\projectreactor\netty\reactor-netty-http\1.1.6-SNAPSHOT\reactor-netty-http-1.1.6-SNAPSHOT.jar;C:\Users\aashi\.m2\repository\io\netty\netty-codec-http\4.1.91.Final\netty-codec-http-4.1.91.Final.jar;C:\Users\aashi\.m2\repository\io\netty\netty-common\4.1.91.Final\netty-common-4.1.91.Final.jar;C:\Users\aashi\.m2\repository\io\netty\netty-buffer\4.1.91.Final\netty-buffer-4.1.91.Final.jar;C:\Users\aashi\.m2\repository\io\netty\netty-transport\4.1.91.Final\netty-transport-4.1.91.Final.jar;C:\Users\aashi\.m2\repository\io\netty\netty-codec\4.1.91.Final\netty-codec-4.1.91.Final.jar;C:\Users\aashi\.m2\repository\io\netty\netty-handler\4.1.91.Final\netty-handler-4.1.91.Final.jar;C:\Users\aashi\.m2\repository\io\netty\netty-codec-http2\4.1.91.Final\netty-codec-http2-4.1.91.Final.jar;C:\Users\aashi\.m2\repository\io\netty\netty-resolver-dns\4.1.91.Final\netty-resolver-dns-4.1.91.Final.jar;C:\Users\aashi\.m2\repository\io\netty\netty-resolver\4.1.91.Final\netty-resolver-4.1.91.Final.jar;C:\Users\aashi\.m2\repository\io\netty\netty-codec-dns\4.1.91.Final\netty-codec-dns-4.1.91.Final.jar;C:\Users\aashi\.m2\repository\io\netty\netty-resolver-dns-native-macos\4.1.91.Final\netty-resolver-dns-native-macos-4.1.91.Final-osx-x86_64.jar;C:\Users\aashi\.m2\repository\io\netty\netty-resolver-dns-classes-macos\4.1.91.Final\netty-resolver-dns-classes-macos-4.1.91.Final.jar;C:\Users\aashi\.m2\repository\io\netty\netty-transport-native-epoll\4.1.91.Final\netty-transport-native-epoll-4.1.91.Final-linux-x86_64.jar;C:\Users\aashi\.m2\repository\io\netty\netty-transport-native-unix-common\4.1.91.Final\netty-transport-native-unix-common-4.1.91.Final.jar;C:\Users\aashi\.m2\repository\io\netty\netty-transport-classes-epoll\4.1.91.Final\netty-transport-classes-epoll-4.1.91.Final.jar;C:\Users\aashi\.m2\repository\io\projectreactor\netty\reactor-netty-core\1.1.6-SNAPSHOT\reactor-netty-core-1.1.6-SNAPSHOT.jar;C:\Users\aashi\.m2\repository\io\netty\netty-handler-proxy\4.1.91.Final\netty-handler-proxy-4.1.91.Final.jar;C:\Users\aashi\.m2\repository\io\netty\netty-codec-socks\4.1.91.Final\netty-codec-socks-4.1.91.Final.jar;C:\Users\aashi\.m2\repository\org\springframework\spring-webflux\6.0.8-SNAPSHOT\spring-webflux-6.0.8-SNAPSHOT.jar;C:\Users\aashi\.m2\repository\org\springframework\boot\spring-boot-starter-websocket\3.1.0-SNAPSHOT\spring-boot-starter-websocket-3.1.0-SNAPSHOT.jar;C:\Users\aashi\.m2\repository\org\springframework\spring-messaging\6.0.8-SNAPSHOT\spring-messaging-6.0.8-SNAPSHOT.jar;C:\Users\aashi\.m2\repository\org\springframework\spring-websocket\6.0.8-SNAPSHOT\spring-websocket-6.0.8-SNAPSHOT.jar;C:\Users\aashi\.m2\repository\com\mysql\mysql-connector-j\8.0.32\mysql-connector-j-8.0.32.jar;C:\Users\aashi\.m2\repository\org\springframework\boot\spring-boot-starter-test\3.1.0-SNAPSHOT\spring-boot-starter-test-3.1.0-SNAPSHOT.jar;C:\Users\aashi\.m2\repository\org\springframework\boot\spring-boot-test\3.1.0-SNAPSHOT\spring-boot-test-3.1.0-SNAPSHOT.jar;C:\Users\aashi\.m2\repository\org\springframework\boot\spring-boot-test-autoconfigure\3.1.0-SNAPSHOT\spring-boot-test-autoconfigure-3.1.0-SNAPSHOT.jar;C:\Users\aashi\.m2\repository\com\jayway\jsonpath\json-path\2.8.0\json-path-2.8.0.jar;C:\Users\aashi\.m2\repository\jakarta\xml\bind\jakarta.xml.bind-api\4.0.0\jakarta.xml.bind-api-4.0.0.jar;C:\Users\aashi\.m2\repository\net\minidev\json-smart\2.4.10\json-smart-2.4.10.jar;C:\Users\aashi\.m2\repository\net\minidev\accessors-smart\2.4.9\accessors-smart-2.4.9.jar;C:\Users\aashi\.m2\repository\org\ow2\asm\asm\9.3\asm-9.3.jar;C:\Users\aashi\.m2\repository\org\assertj\assertj-core\3.24.2\assertj-core-3.24.2.jar;C:\Users\aashi\.m2\repository\org\hamcrest\hamcrest\2.2\hamcrest-2.2.jar;C:\Users\aashi\.m2\repository\org\junit\jupiter\junit-jupiter\5.9.2\junit-jupiter-5.9.2.jar;C:\Users\aashi\.m2\repository\org\junit\jupiter\junit-jupiter-api\5.9.2\junit-jupiter-api-5.9.2.jar;C:\Users\aashi\.m2\repository\org\opentest4j\opentest4j\1.2.0\opentest4j-1.2.0.jar;C:\Users\aashi\.m2\repository\org\junit\platform\junit-platform-commons\1.9.2\junit-platform-commons-1.9.2.jar;C:\Users\aashi\.m2\repository\org\apiguardian\apiguardian-api\1.1.2\apiguardian-api-1.1.2.jar;C:\Users\aashi\.m2\repository\org\junit\jupiter\junit-jupiter-params\5.9.2\junit-jupiter-params-5.9.2.jar;C:\Users\aashi\.m2\repository\org\junit\jupiter\junit-jupiter-engine\5.9.2\junit-jupiter-engine-5.9.2.jar;C:\Users\aashi\.m2\repository\org\junit\platform\junit-platform-engine\1.9.2\junit-platform-engine-1.9.2.jar;C:\Users\aashi\.m2\repository\org\mockito\mockito-core\4.11.0\mockito-core-4.11.0.jar;C:\Users\aashi\.m2\repository\net\bytebuddy\byte-buddy-agent\1.14.4\byte-buddy-agent-1.14.4.jar;C:\Users\aashi\.m2\repository\org\objenesis\objenesis\3.3\objenesis-3.3.jar;C:\Users\aashi\.m2\repository\org\mockito\mockito-junit-jupiter\4.11.0\mockito-junit-jupiter-4.11.0.jar;C:\Users\aashi\.m2\repository\org\skyscreamer\jsonassert\1.5.1\jsonassert-1.5.1.jar;C:\Users\aashi\.m2\repository\com\vaadin\external\google\android-json\0.0.20131108.vaadin1\android-json-0.0.20131108.vaadin1.jar;C:\Users\aashi\.m2\repository\org\springframework\spring-core\6.0.8-SNAPSHOT\spring-core-6.0.8-SNAPSHOT.jar;C:\Users\aashi\.m2\repository\org\springframework\spring-jcl\6.0.8-SNAPSHOT\spring-jcl-6.0.8-SNAPSHOT.jar;C:\Users\aashi\.m2\repository\org\springframework\spring-test\6.0.8-SNAPSHOT\spring-test-6.0.8-SNAPSHOT.jar;C:\Users\aashi\.m2\repository\org\xmlunit\xmlunit-core\2.9.1\xmlunit-core-2.9.1.jar;C:\Users\aashi\.m2\repository\io\projectreactor\reactor-test\3.5.5-SNAPSHOT\reactor-test-3.5.5-SNAPSHOT.jar;C:\Users\aashi\.m2\repository\io\projectreactor\reactor-core\3.5.5-SNAPSHOT\reactor-core-3.5.5-SNAPSHOT.jar;C:\Users\aashi\.m2\repository\org\reactivestreams\reactive-streams\1.0.4\reactive-streams-1.0.4.jar;C:\Users\aashi\.m2\repository\com\h2database\h2\2.1.214\h2-2.1.214.jar;"/>
    <property name="sun.cpu.endian" value="little"/>
    <property name="user.home" value="C:\Users\aashi"/>
    <property name="user.language" value="en"/>
    <property name="java.specification.vendor" value="Oracle Corporation"/>
    <property name="java.version.date" value="2023-01-17"/>
    <property name="java.home" value="C:\Program Files\Spring Tool Suite\plugins\org.eclipse.justj.openjdk.hotspot.jre.full.win32.x86_64_17.0.6.v20230204-1729\jre"/>
    <property name="file.separator" value="\"/>
    <property name="style.color" value="always"/>
    <property name="basedir" value="C:\Users\aashi\GitHub\My Repositories\Learn-Spring-Boot\Section 6 - Create REST CRUD API\SpringBootRESTCRUDAPI"/>
    <property name="java.vm.compressedOopsMode" value="Zero based"/>
    <property name="line.separator" value="&#10;"/>
    <property name="java.vm.specification.vendor" value="Oracle Corporation"/>
    <property name="java.specification.name" value="Java Platform API Specification"/>
    <property name="surefire.real.class.path" value="C:\Users\aashi\AppData\Local\Temp\surefire4198085083879521314\surefirebooter9378583877081322222.jar"/>
    <property name="user.script" value=""/>
    <property name="sun.management.compiler" value="HotSpot 64-Bit Tiered Compilers"/>
    <property name="java.runtime.version" value="17.0.6+10"/>
    <property name="user.name" value="aashi"/>
    <property name="path.separator" value=";"/>
    <property name="os.version" value="10.0"/>
    <property name="java.runtime.name" value="OpenJDK Runtime Environment"/>
    <property name="file.encoding" value="Cp1252"/>
    <property name="java.vm.name" value="OpenJDK 64-Bit Server VM"/>
    <property name="java.vendor.version" value="Temurin-17.0.6+10"/>
    <property name="localRepository" value="C:\Users\aashi\.m2\repository"/>
    <property name="java.vendor.url.bug" value="https://github.com/adoptium/adoptium-support/issues"/>
    <property name="java.io.tmpdir" value="C:\Users\aashi\AppData\Local\Temp\"/>
    <property name="java.version" value="17.0.6"/>
    <property name="user.dir" value="C:\Users\aashi\GitHub\My Repositories\Learn-Spring-Boot\Section 6 - Create REST CRUD API\SpringBootRESTCRUDAPI"/>
    <property name="os.arch" value="amd64"/>
    <property name="java.vm.specification.name" value="Java Virtual Machine Specification"/>
    <property name="sun.os.patch.level" value=""/>
    <property name="native.encoding" value="Cp1252"/>
    <property name="java.library.path" value="C:\Program Files\Spring Tool Suite\plugins\org.eclipse.justj.openjdk.hotspot.jre.full.win32.x86_64_17.0.6.v20230204-1729\jre\bin;C:\WINDOWS\Sun\Java\bin;C:\WINDOWS\system32;C:\WINDOWS;C:/Program Files/Spring Tool Suite//plugins/org.eclipse.justj.openjdk.hotspot.jre.full.win32.x86_64_17.0.6.v20230204-1729/jre/bin/server;C:/Program Files/Spring Tool Suite//plugins/org.eclipse.justj.openjdk.hotspot.jre.full.win32.x86_64_17.0.6.v20230204-1729/jre/bin;C:\Program Files (x86)\Common Files\Intel\Shared Libraries\redist\intel64\compiler;C:\WINDOWS;C:\WINDOWS\system32;C:\WINDOWS\System32\OpenSSH\;C:\WINDOWS\System32\Wbem;C:\WINDOWS\System32\WindowsPowerShell\v1.0\;C:\OracleDatabase\app\aashi\product\21c\dbhomeXE\bin;C:\MinGW\bin;C:\ProgramData\chocolatey\bin;C:\Program Files\Flutter\flutter_windows_3.7.9-stable\flutter\bin;C:\Program Files\Dart\dartsdk-windows-x64-release\dart-sdk\bin;C:\Program Files\dotnet\;C:\Program Files\Git\cmd;C:\Program Files\Java\jdk-17\bin;C:\Program Files\Microsoft\jdk-11.0.16.101-hotspot\bin;C:\Program Files\Microsoft SQL Server\150\Tools\Binn\;C:\Program Files\Microsoft SQL Server\Client SDK\ODBC\170\Tools\Binn\;C:\Program Files\MySQL\MySQL Server 8.0\bin;C:\Program Files\nodejs\;C:\Program Files\NVIDIA Corporation\NVIDIA NvDLISR;C:\Program Files\PHP-8.2.4;C:\Program Files\PowerShell\7\;C:\Program Files\PowerShell\7;C:\Program Files (x86)\NVIDIA Corporation\PhysX\Common;C:\Program Files (x86)\VMware\VMware Player\bin\;C:\Users\aashi\anaconda3\Scripts;C:\Users\aashi\AppData\Local\Programs\Python\Python311\;C:\Users\aashi\AppData\Local\Programs\Python\Python311\Scripts\;C:\Windows;C:\Windows\system32;C:\Windows\System32\OpenSSH\;C:\Windows\System32\Wbem;C:\Windows\System32\WindowsPowerShell\v1.0\;C:\Windows;C:\Program Files\Apache Maven 3.9.1\bin;C:\Program Files\MySQL\MySQL Shell 8.0\bin\;C:\Ruby31-x64\bin;C:\Users\aashi\AppData\Local\Programs\Python\Python311\Scripts\;C:\Users\aashi\AppData\Local\Programs\Python\Python311\;C:\Users\aashi\AppData\Local\Microsoft\WindowsApps;C:\MinGW\bin;C:\Program Files\Java\jdk-17\bin;C:\Users\aashi\AppData\Local\GitHubDesktop\bin;C:\Users\aashi\AppData\Local\Programs\Microsoft VS Code\bin;C:\Users\aashi\.dotnet\tools;C:\Users\aashi\AppData\Local\JetBrains\Toolbox\scripts;C:\Program Files\JetBrains\IntelliJ IDEA Community Edition 2022.3.3\bin;;C:\Program Files\JetBrains\PyCharm Community Edition 2022.3.3\bin;;C:\Program Files\JetBrains\DataSpell 2022.3.3\bin;;C:\MinGW\bin;C:\Users\aashi\AppData\Roaming\npm;C:\Windows;C:\Program Files\PowerShell\7;C:\Program Files\MySQL\MySQL Server 8.0\bin;C:\Program Files\Flutter\flutter_windows_3.7.9-stable\flutter\bin;C:\Program Files\Dart\dartsdk-windows-x64-release\dart-sdk\bin;C:\Program Files\Apache Maven 3.9.1\bin;;C:\Program Files\Spring Tool Suite;;."/>
    <property name="java.vm.info" value="mixed mode"/>
    <property name="java.vendor" value="Eclipse Adoptium"/>
    <property name="java.vm.version" value="17.0.6+10"/>
    <property name="sun.io.unicode.encoding" value="UnicodeLittle"/>
    <property name="java.class.version" value="61.0"/>
  </properties>
  <testcase name="contextLoads" classname="com.aashish22bansal.developer.learning.springboot.SpringBootRestcrudapiApplicationTests" time="0.205"/>
</testsuite>